<?xml version="1.0" encoding="UTF-8"?>
<!-- Generated by org.testng.reporters.JUnitReportReporter -->
<testsuite skipped="0" hostname="Rahul" name="com.academy.HomePage" tests="2" failures="0" timestamp="12 Apr 2018 20:18:43 GMT" time="39.636" errors="0">
  <testcase name="basePageNavigation" time="18.802" classname="com.academy.HomePage"/>
  <testcase name="basePageNavigation" time="20.834" classname="com.academy.HomePage"/>
</testsuite> <!-- com.academy.HomePage -->
