<?xml version="1.0" encoding="UTF-8"?>
<!-- Generated by org.testng.reporters.JUnitReportReporter -->
<testsuite skipped="0" hostname="Rahul" name="com.academy.HomePage" tests="1" failures="0" timestamp="12 Apr 2018 10:39:32 GMT" time="70.626" errors="0">
  <testcase name="browserLaunch" time="70.626" classname="com.academy.HomePage"/>
</testsuite> <!-- com.academy.HomePage -->
