<?xml version="1.0" encoding="UTF-8"?>
<!-- Generated by org.testng.reporters.JUnitReportReporter -->
<testsuite skipped="0" hostname="Rahul" name="com.academy.ValidateTitle" tests="1" failures="0" timestamp="12 Apr 2018 20:03:16 GMT" time="0.354" errors="0">
  <testcase name="ValidateTitleWithAssertion" time="0.354" classname="com.academy.ValidateTitle"/>
</testsuite> <!-- com.academy.ValidateTitle -->
