<?xml version="1.0" encoding="UTF-8"?>
<!-- Generated by org.testng.reporters.JUnitReportReporter -->
<testsuite skipped="0" hostname="Rahul" name="com.academy.HomePage" tests="2" failures="0" timestamp="12 Apr 2018 17:42:40 GMT" time="295.335" errors="0">
  <testcase name="basePageNavigation" time="157.291" classname="com.academy.HomePage"/>
  <testcase name="basePageNavigation" time="138.044" classname="com.academy.HomePage"/>
</testsuite> <!-- com.academy.HomePage -->
